<?xml version="1.0" encoding="UTF-8"?>
<testng-results ignored="0" total="5" passed="4" failed="1" skipped="0">
  <reporter-output>
  </reporter-output>
  <suite started-at="2024-11-20T11:36:25 IST" name="Suite" finished-at="2024-11-20T11:37:42 IST" duration-ms="77167">
    <groups>
    </groups>
    <test started-at="2024-11-20T11:36:25 IST" name="Test" finished-at="2024-11-20T11:37:42 IST" duration-ms="77167">
      <class name="com.Carnation24KDD.TestingShastra.B">
        <test-method signature="m1()[pri:0, instance:com.Carnation24KDD.TestingShastra.B@54e1c68b]" started-at="2024-11-20T11:37:42 IST" name="m1" finished-at="2024-11-20T11:37:42 IST" duration-ms="0" status="PASS">
          <reporter-output>
          </reporter-output>
        </test-method> <!-- m1 -->
        <test-method signature="m2()[pri:0, instance:com.Carnation24KDD.TestingShastra.B@54e1c68b]" started-at="2024-11-20T11:37:42 IST" name="m2" finished-at="2024-11-20T11:37:42 IST" duration-ms="0" status="PASS">
          <reporter-output>
          </reporter-output>
        </test-method> <!-- m2 -->
      </class> <!-- com.Carnation24KDD.TestingShastra.B -->
      <class name="com.Carnation24KDD.TestingShastra.AddUserTest">
        <test-method is-config="true" signature="setup()[pri:0, instance:com.Carnation24KDD.TestingShastra.AddUserTest@72e5a8e]" started-at="2024-11-20T11:36:25 IST" name="setup" finished-at="2024-11-20T11:36:34 IST" duration-ms="9480" status="PASS">
          <reporter-output>
          </reporter-output>
        </test-method> <!-- setup -->
        <test-method signature="verifyIfNameOfAlreadyCreatedUserPOpulatesinList()[pri:0, instance:com.Carnation24KDD.TestingShastra.AddUserTest@72e5a8e]" started-at="2024-11-20T11:36:34 IST" name="verifyIfNameOfAlreadyCreatedUserPOpulatesinList" finished-at="2024-11-20T11:36:56 IST" duration-ms="21863" status="PASS">
          <reporter-output>
          </reporter-output>
        </test-method> <!-- verifyIfNameOfAlreadyCreatedUserPOpulatesinList -->
        <test-method is-config="true" signature="tearDown()[pri:0, instance:com.Carnation24KDD.TestingShastra.AddUserTest@72e5a8e]" started-at="2024-11-20T11:36:56 IST" name="tearDown" finished-at="2024-11-20T11:36:56 IST" duration-ms="235" status="PASS">
          <reporter-output>
          </reporter-output>
        </test-method> <!-- tearDown -->
        <test-method is-config="true" signature="setup()[pri:0, instance:com.Carnation24KDD.TestingShastra.AddUserTest@72e5a8e]" started-at="2024-11-20T11:36:56 IST" name="setup" finished-at="2024-11-20T11:37:01 IST" duration-ms="4422" status="PASS">
          <reporter-output>
          </reporter-output>
        </test-method> <!-- setup -->
        <test-method signature="verifyIfNameOfAlreadyCreatedUserPopulatesInListUsingKeywords()[pri:0, instance:com.Carnation24KDD.TestingShastra.AddUserTest@72e5a8e]" started-at="2024-11-20T11:37:01 IST" name="verifyIfNameOfAlreadyCreatedUserPopulatesInListUsingKeywords" finished-at="2024-11-20T11:37:23 IST" duration-ms="21782" status="PASS">
          <reporter-output>
          </reporter-output>
        </test-method> <!-- verifyIfNameOfAlreadyCreatedUserPopulatesInListUsingKeywords -->
        <test-method is-config="true" signature="tearDown()[pri:0, instance:com.Carnation24KDD.TestingShastra.AddUserTest@72e5a8e]" started-at="2024-11-20T11:37:23 IST" name="tearDown" finished-at="2024-11-20T11:37:23 IST" duration-ms="212" status="PASS">
          <reporter-output>
          </reporter-output>
        </test-method> <!-- tearDown -->
        <test-method is-config="true" signature="setup()[pri:0, instance:com.Carnation24KDD.TestingShastra.AddUserTest@72e5a8e]" started-at="2024-11-20T11:37:23 IST" name="setup" finished-at="2024-11-20T11:37:30 IST" duration-ms="7296" status="PASS">
          <reporter-output>
          </reporter-output>
        </test-method> <!-- setup -->
        <test-method signature="verifyIfNameOfAlreadyCreatedUserPopulatesInListUsingKeywordsUsingPropertiesFile()[pri:0, instance:com.Carnation24KDD.TestingShastra.AddUserTest@72e5a8e]" started-at="2024-11-20T11:37:30 IST" name="verifyIfNameOfAlreadyCreatedUserPopulatesInListUsingKeywordsUsingPropertiesFile" finished-at="2024-11-20T11:37:42 IST" duration-ms="11572" status="FAIL">
          <exception class="org.openqa.selenium.ElementClickInterceptedException">
            <message>
              <![CDATA[element click intercepted: Element <button data-v-10d463b7="" data-v-304890b0="" type="submit" class="oxd-button oxd-button--medium oxd-button--secondary orangehrm-left-space">...</button> is not clickable at point (1401, 483). Other element would receive the click: <div data-v-d5bfe35b="" class="oxd-form-loader">...</div>
  (Session info: chrome=130.0.6723.117)
Build info: version: '4.25.0', revision: '8a8aea2337'
System info: os.name: 'Windows 11', os.arch: 'amd64', os.version: '10.0', java.version: '19.0.2'
Driver info: org.openqa.selenium.chrome.ChromeDriver
Command: [2694a64941ab2dd7a17417fa7a585d62, clickElement {id=f.318550F598B5BB90B298C69B5893DDE0.d.AA1DCEB462522CE93FF84A9FECBDA194.e.64}]
Capabilities {acceptInsecureCerts: false, browserName: chrome, browserVersion: 130.0.6723.117, chrome: {chromedriverVersion: 130.0.6723.116 (6ac35f94ae3..., userDataDir: C:\Users\Amind\AppData\Loca...}, fedcm:accounts: true, goog:chromeOptions: {debuggerAddress: localhost:54617}, networkConnectionEnabled: false, pageLoadStrategy: normal, platformName: windows, proxy: Proxy(), se:cdp: ws://localhost:54617/devtoo..., se:cdpVersion: 130.0.6723.117, setWindowRect: true, strictFileInteractability: false, timeouts: {implicit: 0, pageLoad: 300000, script: 30000}, unhandledPromptBehavior: dismiss and notify, webauthn:extension:credBlob: true, webauthn:extension:largeBlob: true, webauthn:extension:minPinLength: true, webauthn:extension:prf: true, webauthn:virtualAuthenticators: true}
Element: [[ChromeDriver: chrome on windows (2694a64941ab2dd7a17417fa7a585d62)] -> xpath: //button[text() =" Save "]]
Session ID: 2694a64941ab2dd7a17417fa7a585d62]]>
            </message>
            <full-stacktrace>
              <![CDATA[org.openqa.selenium.ElementClickInterceptedException: element click intercepted: Element <button data-v-10d463b7="" data-v-304890b0="" type="submit" class="oxd-button oxd-button--medium oxd-button--secondary orangehrm-left-space">...</button> is not clickable at point (1401, 483). Other element would receive the click: <div data-v-d5bfe35b="" class="oxd-form-loader">...</div>
  (Session info: chrome=130.0.6723.117)
Build info: version: '4.25.0', revision: '8a8aea2337'
System info: os.name: 'Windows 11', os.arch: 'amd64', os.version: '10.0', java.version: '19.0.2'
Driver info: org.openqa.selenium.chrome.ChromeDriver
Command: [2694a64941ab2dd7a17417fa7a585d62, clickElement {id=f.318550F598B5BB90B298C69B5893DDE0.d.AA1DCEB462522CE93FF84A9FECBDA194.e.64}]
Capabilities {acceptInsecureCerts: false, browserName: chrome, browserVersion: 130.0.6723.117, chrome: {chromedriverVersion: 130.0.6723.116 (6ac35f94ae3..., userDataDir: C:\Users\Amind\AppData\Loca...}, fedcm:accounts: true, goog:chromeOptions: {debuggerAddress: localhost:54617}, networkConnectionEnabled: false, pageLoadStrategy: normal, platformName: windows, proxy: Proxy(), se:cdp: ws://localhost:54617/devtoo..., se:cdpVersion: 130.0.6723.117, setWindowRect: true, strictFileInteractability: false, timeouts: {implicit: 0, pageLoad: 300000, script: 30000}, unhandledPromptBehavior: dismiss and notify, webauthn:extension:credBlob: true, webauthn:extension:largeBlob: true, webauthn:extension:minPinLength: true, webauthn:extension:prf: true, webauthn:virtualAuthenticators: true}
Element: [[ChromeDriver: chrome on windows (2694a64941ab2dd7a17417fa7a585d62)] -> xpath: //button[text() =" Save "]]
Session ID: 2694a64941ab2dd7a17417fa7a585d62
at java.base/jdk.internal.reflect.DirectConstructorHandleAccessor.newInstance(DirectConstructorHandleAccessor.java:67)
at java.base/java.lang.reflect.Constructor.newInstanceWithCaller(Constructor.java:500)
at java.base/java.lang.reflect.Constructor.newInstance(Constructor.java:484)
at org.openqa.selenium.remote.ErrorCodec.decode(ErrorCodec.java:167)
at org.openqa.selenium.remote.codec.w3c.W3CHttpResponseCodec.decode(W3CHttpResponseCodec.java:138)
at org.openqa.selenium.remote.codec.w3c.W3CHttpResponseCodec.decode(W3CHttpResponseCodec.java:50)
at org.openqa.selenium.remote.HttpCommandExecutor.execute(HttpCommandExecutor.java:190)
at org.openqa.selenium.remote.service.DriverCommandExecutor.invokeExecute(DriverCommandExecutor.java:216)
at org.openqa.selenium.remote.service.DriverCommandExecutor.execute(DriverCommandExecutor.java:174)
at org.openqa.selenium.remote.RemoteWebDriver.execute(RemoteWebDriver.java:545)
at org.openqa.selenium.remote.RemoteWebElement.execute(RemoteWebElement.java:223)
at org.openqa.selenium.remote.RemoteWebElement.click(RemoteWebElement.java:76)
at com.CarnationTestingShastra24KDD.Keyword.clickOn(Keyword.java:115)
at com.Carnation24KDD.TestingShastra.AddUserTest.verifyIfNameOfAlreadyCreatedUserPopulatesInListUsingKeywordsUsingPropertiesFile(AddUserTest.java:150)
at java.base/jdk.internal.reflect.DirectMethodHandleAccessor.invoke(DirectMethodHandleAccessor.java:104)
at java.base/java.lang.reflect.Method.invoke(Method.java:578)
at org.testng.internal.invokers.MethodInvocationHelper.invokeMethod(MethodInvocationHelper.java:139)
at org.testng.internal.invokers.TestInvoker.invokeMethod(TestInvoker.java:677)
at org.testng.internal.invokers.TestInvoker.invokeTestMethod(TestInvoker.java:221)
at org.testng.internal.invokers.MethodRunner.runInSequence(MethodRunner.java:50)
at org.testng.internal.invokers.TestInvoker$MethodInvocationAgent.invoke(TestInvoker.java:969)
at org.testng.internal.invokers.TestInvoker.invokeTestMethods(TestInvoker.java:194)
at org.testng.internal.invokers.TestMethodWorker.invokeTestMethods(TestMethodWorker.java:148)
at org.testng.internal.invokers.TestMethodWorker.run(TestMethodWorker.java:128)
at java.base/java.util.ArrayList.forEach(ArrayList.java:1511)
at org.testng.TestRunner.privateRun(TestRunner.java:829)
at org.testng.TestRunner.run(TestRunner.java:602)
at org.testng.SuiteRunner.runTest(SuiteRunner.java:437)
at org.testng.SuiteRunner.runSequentially(SuiteRunner.java:431)
at org.testng.SuiteRunner.privateRun(SuiteRunner.java:391)
at org.testng.SuiteRunner.run(SuiteRunner.java:330)
at org.testng.SuiteRunnerWorker.runSuite(SuiteRunnerWorker.java:52)
at org.testng.SuiteRunnerWorker.run(SuiteRunnerWorker.java:95)
at org.testng.TestNG.runSuitesSequentially(TestNG.java:1256)
at org.testng.TestNG.runSuitesLocally(TestNG.java:1176)
at org.testng.TestNG.runSuites(TestNG.java:1099)
at org.testng.TestNG.run(TestNG.java:1067)
at org.apache.maven.surefire.testng.TestNGExecutor.run(TestNGExecutor.java:308)
at org.apache.maven.surefire.testng.TestNGXmlTestSuite.execute(TestNGXmlTestSuite.java:71)
at org.apache.maven.surefire.testng.TestNGProvider.invoke(TestNGProvider.java:113)
at org.apache.maven.surefire.booter.ForkedBooter.runSuitesInProcess(ForkedBooter.java:385)
at org.apache.maven.surefire.booter.ForkedBooter.execute(ForkedBooter.java:162)
at org.apache.maven.surefire.booter.ForkedBooter.run(ForkedBooter.java:507)
at org.apache.maven.surefire.booter.ForkedBooter.main(ForkedBooter.java:495)
]]>
            </full-stacktrace>
          </exception> <!-- org.openqa.selenium.ElementClickInterceptedException -->
          <reporter-output>
          </reporter-output>
        </test-method> <!-- verifyIfNameOfAlreadyCreatedUserPopulatesInListUsingKeywordsUsingPropertiesFile -->
        <test-method is-config="true" signature="tearDown()[pri:0, instance:com.Carnation24KDD.TestingShastra.AddUserTest@72e5a8e]" started-at="2024-11-20T11:37:42 IST" name="tearDown" finished-at="2024-11-20T11:37:42 IST" duration-ms="243" status="PASS">
          <reporter-output>
          </reporter-output>
        </test-method> <!-- tearDown -->
      </class> <!-- com.Carnation24KDD.TestingShastra.AddUserTest -->
    </test> <!-- Test -->
  </suite> <!-- Suite -->
</testng-results>
