<?xml version="1.0" encoding="UTF-8"?>
<testng-results ignored="0" total="1" passed="1" failed="0" skipped="0">
  <reporter-output>
  </reporter-output>
  <suite started-at="2024-12-20T20:41:21 IST" name="Default suite" finished-at="2024-12-20T20:41:31 IST" duration-ms="10202">
    <groups>
      <group name="cucumber">
        <method signature="AbstractTestNGCucumberTests.runScenario(io.cucumber.testng.PickleWrapper,io.cucumber.testng.FeatureWrapper)[pri:0, instance:com.testingShastra.runner.FeatureRunner@4be29ed9]" name="runScenario" class="io.cucumber.testng.AbstractTestNGCucumberTests"/>
      </group> <!-- cucumber -->
    </groups>
    <test started-at="2024-12-20T20:41:21 IST" name="Default test" finished-at="2024-12-20T20:41:31 IST" duration-ms="10202">
      <class name="com.testingShastra.runner.FeatureRunner">
        <test-method is-config="true" signature="setUpClass(org.testng.ITestContext)[pri:0, instance:com.testingShastra.runner.FeatureRunner@4be29ed9]" started-at="2024-12-20T20:41:21 IST" name="setUpClass" finished-at="2024-12-20T20:41:22 IST" duration-ms="568" status="PASS">
          <params>
            <param index="0">
              <value>
                <![CDATA[org.testng.TestRunner@158f4cfe]]>
              </value>
            </param>
          </params>
          <reporter-output>
          </reporter-output>
        </test-method> <!-- setUpClass -->
        <test-method signature="runScenario(io.cucumber.testng.PickleWrapper,io.cucumber.testng.FeatureWrapper)[pri:0, instance:com.testingShastra.runner.FeatureRunner@4be29ed9]" started-at="2024-12-20T20:41:22 IST" name="runScenario" description="Runs Cucumber Scenarios" data-provider="scenarios" finished-at="2024-12-20T20:41:31 IST" duration-ms="9566" status="PASS">
          <params>
            <param index="0">
              <value>
                <![CDATA["Accept word as parameter"]]>
              </value>
            </param>
            <param index="1">
              <value>
                <![CDATA["This is feature where we are practicing parameterization."]]>
              </value>
            </param>
          </params>
          <reporter-output>
          </reporter-output>
        </test-method> <!-- runScenario -->
        <test-method is-config="true" signature="tearDownClass()[pri:0, instance:com.testingShastra.runner.FeatureRunner@4be29ed9]" started-at="2024-12-20T20:41:31 IST" name="tearDownClass" finished-at="2024-12-20T20:41:31 IST" duration-ms="4" status="PASS">
          <reporter-output>
          </reporter-output>
        </test-method> <!-- tearDownClass -->
      </class> <!-- com.testingShastra.runner.FeatureRunner -->
    </test> <!-- Default test -->
  </suite> <!-- Default suite -->
</testng-results>
